  effekseer.cpp
  boss.cpp
  enemy.cpp
  player.cpp
  actor.cpp
  object.cpp
  camera.cpp
  camera_manager.cpp
  player_camera.cpp
  collision_manager.cpp
  global_data.cpp
  enemy_manager.cpp
  map_manager.cpp
  player_manager.cpp
  block_move.cpp
  car.cpp
  circular_motion.cpp
  damage_area.cpp
  damage_floor.cpp
  darts.cpp
  コードを生成中...
  コンパイル中...
  holo_block.cpp
  rot_floor.cpp
  block.cpp
  board.cpp
  car_emitter.cpp
  check_point.cpp
  darts_emitter.cpp
  enemy_spawn_point.cpp
  goal.cpp
  sky.cpp
  start.cpp
  stage_loader.cpp
  back_ground.cpp
  button.cpp
  load_anim.cpp
  respawn_back.cpp
  result.cpp
  select_disp.cpp
C:\Users\reono\Desktop\新しいフォルダー\My_project\program\My_project\src\game\private\game\UI\select_disp.cpp(61,37): warning C4244: '引数': 'int' から 'float' への変換です。データが失われる可能性があります。
  stop_effect.cpp
  title_back.cpp
  コードを生成中...
  コンパイル中...
  UI_hpber.cpp
  UI_stmber.cpp
C:\Users\reono\Desktop\新しいフォルダー\My_project\program\My_project\src\game\public\game\UI\UI_stmber.h(5,33): warning C4244: '=': 'const float' から 'int' への変換です。データが失われる可能性があります。
C:\Users\reono\Desktop\新しいフォルダー\My_project\program\My_project\src\game\public\game\UI\UI_stmber.h(6,33): warning C4244: '=': 'const float' から 'int' への変換です。データが失われる可能性があります。
  2Dcollision.cpp
  easing.cpp
  2Dhndlmanager.cpp
  3Dhndlmanager.cpp
  bgm_manager.cpp
  collision.cpp
  drawgrap.cpp
  drawGrap2D.cpp
C:\Users\reono\Desktop\新しいフォルダー\My_project\program\My_project\src\game\private\lib\drawGrap2D.cpp(38,18): warning C4477: 'fscanf_s' : 書式文字列 '%s' には、型 'unsigned int' の引数が必要ですが、可変個引数 2 は型 'unsigned __int64' です
C:\Users\reono\Desktop\新しいフォルダー\My_project\program\My_project\src\game\private\lib\drawGrap2D.cpp(38,18): message : この引数はバッファー サイズとして使用されます
C:\Users\reono\Desktop\新しいフォルダー\My_project\program\My_project\src\game\private\lib\drawGrap2D.cpp(70,19): warning C4477: 'fscanf_s' : 書式文字列 '%s' には、型 'unsigned int' の引数が必要ですが、可変個引数 2 は型 'unsigned __int64' です
C:\Users\reono\Desktop\新しいフォルダー\My_project\program\My_project\src\game\private\lib\drawGrap2D.cpp(70,19): message : この引数はバッファー サイズとして使用されます
C:\Users\reono\Desktop\新しいフォルダー\My_project\program\My_project\src\game\private\lib\drawGrap2D.cpp(76,19): warning C4477: 'fscanf_s' : 書式文字列 '%[^,]' には、型 'unsigned int' の引数が必要ですが、可変個引数 2 は型 'unsigned __int64' です
C:\Users\reono\Desktop\新しいフォルダー\My_project\program\My_project\src\game\private\lib\drawGrap2D.cpp(76,19): message : この引数はバッファー サイズとして使用されます
  effect.cpp
  fade.cpp
  fps.cpp
  input.cpp
  input_config.cpp
  math2D.cpp
  mouseinput.cpp
  mymath.cpp
  rand.cpp
  score.cpp
  コードを生成中...
  コンパイル中...
  se_manager .cpp
  Xinput.cpp
C:\Users\reono\Desktop\新しいフォルダー\My_project\program\My_project\src\game\private\lib\Xinput.cpp(115,50): warning C4244: '引数': 'double' から 'float' への変換です。データが失われる可能性があります。
C:\Users\reono\Desktop\新しいフォルダー\My_project\program\My_project\src\game\private\lib\Xinput.cpp(114,66): warning C4244: '引数': 'double' から 'float' への変換です。データが失われる可能性があります。
C:\Users\reono\Desktop\新しいフォルダー\My_project\program\My_project\src\game\private\lib\Xinput.cpp(114,14): warning C4244: '初期化中': 'double' から 'float' への変換です。データが失われる可能性があります。
C:\Users\reono\Desktop\新しいフォルダー\My_project\program\My_project\src\game\private\lib\Xinput.cpp(169,50): warning C4244: '引数': 'double' から 'float' への変換です。データが失われる可能性があります。
C:\Users\reono\Desktop\新しいフォルダー\My_project\program\My_project\src\game\private\lib\Xinput.cpp(168,66): warning C4244: '引数': 'double' から 'float' への変換です。データが失われる可能性があります。
C:\Users\reono\Desktop\新しいフォルダー\My_project\program\My_project\src\game\private\lib\Xinput.cpp(168,14): warning C4244: '初期化中': 'double' から 'float' への変換です。データが失われる可能性があります。
  imgui.cpp
  imgui_draw.cpp
  imgui_impl_dx11.cpp
  imgui_impl_win32.cpp
  imgui_tables.cpp
  imgui_widgets.cpp
  main.cpp
  imguiCtrl.cpp
C:\Users\reono\Desktop\新しいフォルダー\My_project\program\My_project\src\system\private\imguiCtrl\imguiCtrl.cpp(19,11): warning C4091: '': 変数が何も宣言されていないときは、'int' の左辺を無視します。
  editer_camera_point.cpp
  mapediter.cpp
  scene.cpp
  scene_data.cpp
  scene_editer.cpp
  scene_factory.cpp
  scene_manager.cpp
  scene_play.cpp
  scene_result.cpp
  scene_select.cpp
  コードを生成中...
C:\Users\reono\Desktop\新しいフォルダー\My_project\program\My_project\src\main.cpp(18): warning C4715: 'WndProc': 値を返さないコントロール パスがあります。
  コンパイル中...
  scene_title.cpp
  UI_manager.cpp
  コードを生成中...
  My_project.vcxproj -> C:\Users\reono\Desktop\新しいフォルダー\My_project\program\My_project\x64\Debug\My_project.exe
