c:\users\2409406\desktop\github_desktop\newgameproject\program\my_project\my_project\x64\debug\darts.obj
c:\users\2409406\desktop\github_desktop\newgameproject\program\my_project\my_project\x64\debug\damage_floor.obj
c:\users\2409406\desktop\github_desktop\newgameproject\program\my_project\my_project\x64\debug\damage_area.obj
c:\users\2409406\desktop\github_desktop\newgameproject\program\my_project\my_project\x64\debug\circular_motion.obj
c:\users\2409406\desktop\github_desktop\newgameproject\program\my_project\my_project\x64\debug\car.obj
c:\users\2409406\desktop\github_desktop\newgameproject\program\my_project\my_project\x64\debug\block_move.obj
c:\users\2409406\desktop\github_desktop\newgameproject\program\my_project\my_project\x64\debug\player_manager.obj
c:\users\2409406\desktop\github_desktop\newgameproject\program\my_project\my_project\x64\debug\enemy_manager.obj
c:\users\2409406\desktop\github_desktop\newgameproject\program\my_project\my_project\x64\debug\global_data.obj
c:\users\2409406\desktop\github_desktop\newgameproject\program\my_project\my_project\x64\debug\collision_manager.obj
c:\users\2409406\desktop\github_desktop\newgameproject\program\my_project\my_project\x64\debug\player_camera.obj
c:\users\2409406\desktop\github_desktop\newgameproject\program\my_project\my_project\x64\debug\camera_manager.obj
c:\users\2409406\desktop\github_desktop\newgameproject\program\my_project\my_project\x64\debug\camera.obj
c:\users\2409406\desktop\github_desktop\newgameproject\program\my_project\my_project\x64\debug\object.obj
c:\users\2409406\desktop\github_desktop\newgameproject\program\my_project\my_project\x64\debug\character.obj
c:\users\2409406\desktop\github_desktop\newgameproject\program\my_project\my_project\x64\debug\actor.obj
c:\users\2409406\desktop\github_desktop\newgameproject\program\my_project\my_project\x64\debug\player.obj
c:\users\2409406\desktop\github_desktop\newgameproject\program\my_project\my_project\x64\debug\enemy.obj
c:\users\2409406\desktop\github_desktop\newgameproject\program\my_project\my_project\x64\debug\effekseer.obj
c:\users\2409406\desktop\github_desktop\newgameproject\program\my_project\my_project\x64\debug\title_back.obj
c:\users\2409406\desktop\github_desktop\newgameproject\program\my_project\my_project\x64\debug\stop_effect.obj
c:\users\2409406\desktop\github_desktop\newgameproject\program\my_project\my_project\x64\debug\select_disp.obj
c:\users\2409406\desktop\github_desktop\newgameproject\program\my_project\my_project\x64\debug\result.obj
c:\users\2409406\desktop\github_desktop\newgameproject\program\my_project\my_project\x64\debug\respawn_back.obj
c:\users\2409406\desktop\github_desktop\newgameproject\program\my_project\my_project\x64\debug\load_anim.obj
c:\users\2409406\desktop\github_desktop\newgameproject\program\my_project\my_project\x64\debug\button.obj
c:\users\2409406\desktop\github_desktop\newgameproject\program\my_project\my_project\x64\debug\back_ground.obj
c:\users\2409406\desktop\github_desktop\newgameproject\program\my_project\my_project\x64\debug\stage_loader.obj
c:\users\2409406\desktop\github_desktop\newgameproject\program\my_project\my_project\x64\debug\start.obj
c:\users\2409406\desktop\github_desktop\newgameproject\program\my_project\my_project\x64\debug\sky.obj
c:\users\2409406\desktop\github_desktop\newgameproject\program\my_project\my_project\x64\debug\goal.obj
c:\users\2409406\desktop\github_desktop\newgameproject\program\my_project\my_project\x64\debug\enemy_spawn_point.obj
c:\users\2409406\desktop\github_desktop\newgameproject\program\my_project\my_project\x64\debug\darts_emitter.obj
c:\users\2409406\desktop\github_desktop\newgameproject\program\my_project\my_project\x64\debug\check_point.obj
c:\users\2409406\desktop\github_desktop\newgameproject\program\my_project\my_project\x64\debug\car_emitter.obj
c:\users\2409406\desktop\github_desktop\newgameproject\program\my_project\my_project\x64\debug\board.obj
c:\users\2409406\desktop\github_desktop\newgameproject\program\my_project\my_project\x64\debug\block.obj
c:\users\2409406\desktop\github_desktop\newgameproject\program\my_project\my_project\x64\debug\rot_floor.obj
c:\users\2409406\desktop\github_desktop\newgameproject\program\my_project\my_project\x64\debug\holo_block.obj
c:\users\2409406\desktop\github_desktop\newgameproject\program\my_project\my_project\x64\debug\input_config.obj
c:\users\2409406\desktop\github_desktop\newgameproject\program\my_project\my_project\x64\debug\xinput.obj
c:\users\2409406\desktop\github_desktop\newgameproject\program\my_project\my_project\x64\debug\mouseinput.obj
c:\users\2409406\desktop\github_desktop\newgameproject\program\my_project\my_project\x64\debug\input.obj
c:\users\2409406\desktop\github_desktop\newgameproject\program\my_project\my_project\x64\debug\3dhndlmanager.obj
c:\users\2409406\desktop\github_desktop\newgameproject\program\my_project\my_project\x64\debug\2dhndlmanager.obj
c:\users\2409406\desktop\github_desktop\newgameproject\program\my_project\my_project\x64\debug\fps.obj
c:\users\2409406\desktop\github_desktop\newgameproject\program\my_project\my_project\x64\debug\fade.obj
c:\users\2409406\desktop\github_desktop\newgameproject\program\my_project\my_project\x64\debug\3dcollision.obj
c:\users\2409406\desktop\github_desktop\newgameproject\program\my_project\my_project\x64\debug\2dcollision.obj
c:\users\2409406\desktop\github_desktop\newgameproject\program\my_project\my_project\x64\debug\easing.obj
c:\users\2409406\desktop\github_desktop\newgameproject\program\my_project\my_project\x64\debug\imgui_widgets.obj
c:\users\2409406\desktop\github_desktop\newgameproject\program\my_project\my_project\x64\debug\imgui_tables.obj
c:\users\2409406\desktop\github_desktop\newgameproject\program\my_project\my_project\x64\debug\imgui_impl_win32.obj
c:\users\2409406\desktop\github_desktop\newgameproject\program\my_project\my_project\x64\debug\imgui_impl_dx11.obj
c:\users\2409406\desktop\github_desktop\newgameproject\program\my_project\my_project\x64\debug\imgui_draw.obj
c:\users\2409406\desktop\github_desktop\newgameproject\program\my_project\my_project\x64\debug\imgui.obj
c:\users\2409406\desktop\github_desktop\newgameproject\program\my_project\my_project\x64\debug\voxel_chunk.obj
c:\users\2409406\desktop\github_desktop\newgameproject\program\my_project\my_project\x64\debug\ui_stmber.obj
c:\users\2409406\desktop\github_desktop\newgameproject\program\my_project\my_project\x64\debug\ui_hpber.obj
c:\users\2409406\desktop\github_desktop\newgameproject\program\my_project\my_project\x64\debug\ui_manager.obj
c:\users\2409406\desktop\github_desktop\newgameproject\program\my_project\my_project\x64\debug\scene_title.obj
c:\users\2409406\desktop\github_desktop\newgameproject\program\my_project\my_project\x64\debug\scene_select.obj
c:\users\2409406\desktop\github_desktop\newgameproject\program\my_project\my_project\x64\debug\scene_result.obj
c:\users\2409406\desktop\github_desktop\newgameproject\program\my_project\my_project\x64\debug\scene_play.obj
c:\users\2409406\desktop\github_desktop\newgameproject\program\my_project\my_project\x64\debug\scene_manager.obj
c:\users\2409406\desktop\github_desktop\newgameproject\program\my_project\my_project\x64\debug\scene_factory.obj
c:\users\2409406\desktop\github_desktop\newgameproject\program\my_project\my_project\x64\debug\scene_editer.obj
c:\users\2409406\desktop\github_desktop\newgameproject\program\my_project\my_project\x64\debug\scene_data.obj
c:\users\2409406\desktop\github_desktop\newgameproject\program\my_project\my_project\x64\debug\scene.obj
c:\users\2409406\desktop\github_desktop\newgameproject\program\my_project\my_project\x64\debug\mapediter.obj
c:\users\2409406\desktop\github_desktop\newgameproject\program\my_project\my_project\x64\debug\editer_camera_point.obj
c:\users\2409406\desktop\github_desktop\newgameproject\program\my_project\my_project\x64\debug\imguictrl.obj
c:\users\2409406\desktop\github_desktop\newgameproject\program\my_project\my_project\x64\debug\main.obj
c:\users\2409406\desktop\github_desktop\newgameproject\program\my_project\my_project\x64\debug\se_manager .obj
c:\users\2409406\desktop\github_desktop\newgameproject\program\my_project\my_project\x64\debug\bgm_manager.obj
c:\users\2409406\desktop\github_desktop\newgameproject\program\my_project\my_project\x64\debug\rand.obj
c:\users\2409406\desktop\github_desktop\newgameproject\program\my_project\my_project\x64\debug\vc143.idb
c:\users\2409406\desktop\github_desktop\newgameproject\program\my_project\my_project\x64\debug\vc143.pdb
c:\users\2409406\desktop\github_desktop\newgameproject\program\my_project\my_project\x64\debug\my_project.tlog\cl.command.1.tlog
c:\users\2409406\desktop\github_desktop\newgameproject\program\my_project\my_project\x64\debug\my_project.tlog\cl.read.1.tlog
c:\users\2409406\desktop\github_desktop\newgameproject\program\my_project\my_project\x64\debug\my_project.tlog\cl.write.1.tlog
